<?xml version="1.0" encoding="UTF-8"?>
<!-- Generated by org.testng.reporters.JUnitXMLReporter -->
<testsuite hostname="MUNI-VAIO" name="Default test" tests="3" failures="0" timestamp="12 Jan 2019 06:09:51 GMT" time="0.121" errors="0">
  <testcase name="createCustomer" time="0.035" classname="script.TestListener"/>
  <testcase name="createProduct" time="0.004" classname="script.TestListener"/>
  <testcase name="deleteCustomer" time="0.003" classname="script.TestListener"/>
</testsuite> <!-- Default test -->
