<?xml version="1.0" encoding="UTF-8"?>
<!-- Generated by org.testng.reporters.JUnitXMLReporter -->
<testsuite hostname="MUNI-VAIO" name="Test1" tests="3" failures="0" timestamp="14 Jan 2019 19:05:24 GMT" time="69.188" errors="0">
  <testcase name="testValidLogin" time="16.302" classname="script.TestValidLogin"/>
  <testcase name="testInvalidLogin" time="3.885" classname="script.TestInvalidLogin"/>
  <testcase name="testVerifyProductVersion" time="9.66" classname="script.TestVerifyProductVersion"/>
</testsuite> <!-- Test1 -->
