<?xml version="1.0" encoding="UTF-8"?>
<testng-results skipped="0" failed="0" total="3" passed="3">
  <reporter-output>
    <line>
      <![CDATA[Title is matching. It is: actiTIME - Login PASS]]>
    </line>
    <line>
      <![CDATA[Title is matching. It is: actiTIME - Enter Time-Track PASS]]>
    </line>
    <line>
      <![CDATA[Test: testValidLogin is PASS.]]>
    </line>
    <line>
      <![CDATA[Test name:- testValidLogin PASSED.]]>
    </line>
    <line>
      <![CDATA[Error message is successfully displayed. PASS]]>
    </line>
    <line>
      <![CDATA[Error message is successfully displayed. PASS]]>
    </line>
    <line>
      <![CDATA[Test: testInvalidLogin is PASS.]]>
    </line>
    <line>
      <![CDATA[Test name:- testInvalidLogin PASSED.]]>
    </line>
    <line>
      <![CDATA[Title is matching. It is: actiTIME - Enter Time-Track PASS]]>
    </line>
    <line>
      <![CDATA[Product version is displayed.]]>
    </line>
    <line>
      <![CDATA[Product version is matching. It is: actiTIME 2017.4 PASS]]>
    </line>
    <line>
      <![CDATA[Test: testVerifyProductVersion is PASS.]]>
    </line>
    <line>
      <![CDATA[Test name:- testVerifyProductVersion PASSED.]]>
    </line>
  </reporter-output>
  <suite name="Suite" duration-ms="69188" started-at="2019-01-14T19:04:13Z" finished-at="2019-01-14T19:05:22Z">
    <groups>
      <group name="smoke">
        <method signature="TestInvalidLogin.testInvalidLogin()[pri:2, instance:script.TestInvalidLogin@239963d8]" name="testInvalidLogin" class="script.TestInvalidLogin"/>
        <method signature="TestValidLogin.testValidLogin()[pri:1, instance:script.TestValidLogin@3abbfa04]" name="testValidLogin" class="script.TestValidLogin"/>
        <method signature="TestVerifyProductVersion.testVerifyProductVersion()[pri:3, instance:script.TestVerifyProductVersion@57fffcd7]" name="testVerifyProductVersion" class="script.TestVerifyProductVersion"/>
      </group> <!-- smoke -->
    </groups>
    <test name="Test1" duration-ms="69188" started-at="2019-01-14T19:04:13Z" finished-at="2019-01-14T19:05:22Z">
      <class name="script.TestInvalidLogin">
        <test-method status="PASS" signature="openApp(java.lang.String, java.lang.String)[pri:0, instance:script.TestInvalidLogin@239963d8]" name="openApp" is-config="true" duration-ms="8592" started-at="2019-01-15T00:34:50Z" finished-at="2019-01-15T00:34:58Z">
          <params>
            <param index="0">
              <value>
                <![CDATA[localhost]]>
              </value>
            </param>
            <param index="1">
              <value>
                <![CDATA[chrome]]>
              </value>
            </param>
          </params>
          <reporter-output>
          </reporter-output>
        </test-method> <!-- openApp -->
        <test-method status="PASS" signature="testInvalidLogin()[pri:2, instance:script.TestInvalidLogin@239963d8]" name="testInvalidLogin" duration-ms="3885" started-at="2019-01-15T00:34:58Z" finished-at="2019-01-15T00:35:02Z">
          <reporter-output>
            <line>
              <![CDATA[Error message is successfully displayed. PASS]]>
            </line>
            <line>
              <![CDATA[Error message is successfully displayed. PASS]]>
            </line>
            <line>
              <![CDATA[Test: testInvalidLogin is PASS.]]>
            </line>
          </reporter-output>
        </test-method> <!-- testInvalidLogin -->
        <test-method status="PASS" signature="closeApp(org.testng.ITestResult)[pri:0, instance:script.TestInvalidLogin@239963d8]" name="closeApp" is-config="true" duration-ms="793" started-at="2019-01-15T00:35:02Z" finished-at="2019-01-15T00:35:03Z">
          <params>
            <param index="0">
              <value>
                <![CDATA[[TestResult name=testInvalidLogin status=SUCCESS method=TestInvalidLogin.testInvalidLogin()[pri:2, instance:script.TestInvalidLogin@239963d8] output=Error message is successfully displayed. PASS]]]>
              </value>
            </param>
          </params>
          <reporter-output>
            <line>
              <![CDATA[Test name:- testInvalidLogin PASSED.]]>
            </line>
          </reporter-output>
        </test-method> <!-- closeApp -->
      </class> <!-- script.TestInvalidLogin -->
      <class name="script.TestVerifyProductVersion">
        <test-method status="PASS" signature="openApp(java.lang.String, java.lang.String)[pri:0, instance:script.TestVerifyProductVersion@57fffcd7]" name="openApp" is-config="true" duration-ms="8585" started-at="2019-01-15T00:35:03Z" finished-at="2019-01-15T00:35:12Z">
          <params>
            <param index="0">
              <value>
                <![CDATA[localhost]]>
              </value>
            </param>
            <param index="1">
              <value>
                <![CDATA[chrome]]>
              </value>
            </param>
          </params>
          <reporter-output>
          </reporter-output>
        </test-method> <!-- openApp -->
        <test-method status="PASS" signature="testVerifyProductVersion()[pri:3, instance:script.TestVerifyProductVersion@57fffcd7]" name="testVerifyProductVersion" duration-ms="9660" started-at="2019-01-15T00:35:12Z" finished-at="2019-01-15T00:35:21Z">
          <reporter-output>
            <line>
              <![CDATA[Title is matching. It is: actiTIME - Enter Time-Track PASS]]>
            </line>
            <line>
              <![CDATA[Product version is displayed.]]>
            </line>
            <line>
              <![CDATA[Product version is matching. It is: actiTIME 2017.4 PASS]]>
            </line>
            <line>
              <![CDATA[Test: testVerifyProductVersion is PASS.]]>
            </line>
          </reporter-output>
        </test-method> <!-- testVerifyProductVersion -->
        <test-method status="PASS" signature="closeApp(org.testng.ITestResult)[pri:0, instance:script.TestVerifyProductVersion@57fffcd7]" name="closeApp" is-config="true" duration-ms="829" started-at="2019-01-15T00:35:21Z" finished-at="2019-01-15T00:35:22Z">
          <params>
            <param index="0">
              <value>
                <![CDATA[[TestResult name=testVerifyProductVersion status=SUCCESS method=TestVerifyProductVersion.testVerifyProductVersion()[pri:3, instance:script.TestVerifyProductVersion@57fffcd7] output=Title is matching. It is: actiTIME - Enter Time-Track PASS]]]>
              </value>
            </param>
          </params>
          <reporter-output>
            <line>
              <![CDATA[Test name:- testVerifyProductVersion PASSED.]]>
            </line>
          </reporter-output>
        </test-method> <!-- closeApp -->
      </class> <!-- script.TestVerifyProductVersion -->
      <class name="script.TestValidLogin">
        <test-method status="PASS" signature="openApp(java.lang.String, java.lang.String)[pri:0, instance:script.TestValidLogin@3abbfa04]" name="openApp" is-config="true" duration-ms="19400" started-at="2019-01-15T00:34:13Z" finished-at="2019-01-15T00:34:32Z">
          <params>
            <param index="0">
              <value>
                <![CDATA[localhost]]>
              </value>
            </param>
            <param index="1">
              <value>
                <![CDATA[chrome]]>
              </value>
            </param>
          </params>
          <reporter-output>
          </reporter-output>
        </test-method> <!-- openApp -->
        <test-method status="PASS" signature="testValidLogin()[pri:1, instance:script.TestValidLogin@3abbfa04]" name="testValidLogin" duration-ms="16302" started-at="2019-01-15T00:34:32Z" finished-at="2019-01-15T00:34:49Z">
          <reporter-output>
            <line>
              <![CDATA[Title is matching. It is: actiTIME - Login PASS]]>
            </line>
            <line>
              <![CDATA[Title is matching. It is: actiTIME - Enter Time-Track PASS]]>
            </line>
            <line>
              <![CDATA[Test: testValidLogin is PASS.]]>
            </line>
          </reporter-output>
        </test-method> <!-- testValidLogin -->
        <test-method status="PASS" signature="closeApp(org.testng.ITestResult)[pri:0, instance:script.TestValidLogin@3abbfa04]" name="closeApp" is-config="true" duration-ms="993" started-at="2019-01-15T00:34:49Z" finished-at="2019-01-15T00:34:50Z">
          <params>
            <param index="0">
              <value>
                <![CDATA[[TestResult name=testValidLogin status=SUCCESS method=TestValidLogin.testValidLogin()[pri:1, instance:script.TestValidLogin@3abbfa04] output=Title is matching. It is: actiTIME - Login PASS]]]>
              </value>
            </param>
          </params>
          <reporter-output>
            <line>
              <![CDATA[Test name:- testValidLogin PASSED.]]>
            </line>
          </reporter-output>
        </test-method> <!-- closeApp -->
      </class> <!-- script.TestValidLogin -->
    </test> <!-- Test1 -->
  </suite> <!-- Suite -->
</testng-results>
